[03-May-2025 17:15:40 Europe/Berlin] Columns in barangay_products: id, barangay_id, product_id, estimated_production, production_unit, year, season_id, planted_area, area_unit
[03-May-2025 17:15:50 Europe/Berlin] Columns in barangay_products: id, barangay_id, product_id, estimated_production, production_unit, year, season_id, planted_area, area_unit
[03-May-2025 17:15:53 Europe/Berlin] Columns in barangay_products: id, barangay_id, product_id, estimated_production, production_unit, year, season_id, planted_area, area_unit
[03-May-2025 17:16:09 Europe/Berlin] Columns in barangay_products: id, barangay_id, product_id, estimated_production, production_unit, year, season_id, planted_area, area_unit
[03-May-2025 17:16:10 Europe/Berlin] Columns in barangay_products: id, barangay_id, product_id, estimated_production, production_unit, year, season_id, planted_area, area_unit
[03-May-2025 17:23:40 Europe/Berlin] Columns in barangay_products: id, barangay_id, product_id, estimated_production, production_unit, year, season_id, planted_area, area_unit
[03-May-2025 17:26:43 Europe/Berlin] Columns in barangay_products: id, barangay_id, product_id, estimated_production, production_unit, year, season_id, planted_area, area_unit
[03-May-2025 17:27:43 Europe/Berlin] Columns in barangay_products: id, barangay_id, product_id, estimated_production, production_unit, year, season_id, planted_area, area_unit
[03-May-2025 17:27:56 Europe/Berlin] Columns in barangay_products: id, barangay_id, product_id, estimated_production, production_unit, year, season_id, planted_area, area_unit
[03-May-2025 17:27:58 Europe/Berlin] Columns in barangay_products: id, barangay_id, product_id, estimated_production, production_unit, year, season_id, planted_area, area_unit
[03-May-2025 17:36:00 Europe/Berlin] Columns in barangay_products: id, barangay_id, product_id, estimated_production, production_unit, year, season_id, planted_area, area_unit
[03-May-2025 17:36:31 Europe/Berlin] Columns in barangay_products: id, barangay_id, product_id, estimated_production, production_unit, year, season_id, planted_area, area_unit
[03-May-2025 17:41:23 Europe/Berlin] Columns in barangay_products: id, barangay_id, product_id, estimated_production, production_unit, year, season_id, planted_area, area_unit
[03-May-2025 17:41:25 Europe/Berlin] Columns in barangay_products: id, barangay_id, product_id, estimated_production, production_unit, year, season_id, planted_area, area_unit
[03-May-2025 17:41:28 Europe/Berlin] Columns in barangay_products: id, barangay_id, product_id, estimated_production, production_unit, year, season_id, planted_area, area_unit
[03-May-2025 17:41:30 Europe/Berlin] Columns in barangay_products: id, barangay_id, product_id, estimated_production, production_unit, year, season_id, planted_area, area_unit
[03-May-2025 17:41:31 Europe/Berlin] Columns in barangay_products: id, barangay_id, product_id, estimated_production, production_unit, year, season_id, planted_area, area_unit
[03-May-2025 17:41:38 Europe/Berlin] Columns in barangay_products: id, barangay_id, product_id, estimated_production, production_unit, year, season_id, planted_area, area_unit
[03-May-2025 17:41:40 Europe/Berlin] Columns in barangay_products: id, barangay_id, product_id, estimated_production, production_unit, year, season_id, planted_area, area_unit
[03-May-2025 17:42:09 Europe/Berlin] Columns in barangay_products: id, barangay_id, product_id, estimated_production, production_unit, year, season_id, planted_area, area_unit
[03-May-2025 17:45:44 Europe/Berlin] Columns in barangay_products: id, barangay_id, product_id, estimated_production, production_unit, year, season_id, planted_area, area_unit
[03-May-2025 17:51:47 Europe/Berlin] Columns in barangay_products: id, barangay_id, product_id, estimated_production, production_unit, year, season_id, planted_area, area_unit
[03-May-2025 17:51:50 Europe/Berlin] Columns in barangay_products: id, barangay_id, product_id, estimated_production, production_unit, year, season_id, planted_area, area_unit
[03-May-2025 17:53:11 Europe/Berlin] Columns in barangay_products: id, barangay_id, product_id, estimated_production, production_unit, year, season_id, planted_area, area_unit
[03-May-2025 17:55:19 Europe/Berlin] Columns in barangay_products: id, barangay_id, product_id, estimated_production, production_unit, year, season_id, planted_area, area_unit
[03-May-2025 17:57:06 Europe/Berlin] Columns in barangay_products: id, barangay_id, product_id, estimated_production, production_unit, year, season_id, planted_area, area_unit
[03-May-2025 17:57:08 Europe/Berlin] Columns in barangay_products: id, barangay_id, product_id, estimated_production, production_unit, year, season_id, planted_area, area_unit
[03-May-2025 17:57:10 Europe/Berlin] Columns in barangay_products: id, barangay_id, product_id, estimated_production, production_unit, year, season_id, planted_area, area_unit
[03-May-2025 17:57:12 Europe/Berlin] Columns in barangay_products: id, barangay_id, product_id, estimated_production, production_unit, year, season_id, planted_area, area_unit
[03-May-2025 17:58:00 Europe/Berlin] Columns in barangay_products: id, barangay_id, product_id, estimated_production, production_unit, year, season_id, planted_area, area_unit
[03-May-2025 18:00:48 Europe/Berlin] Columns in barangay_products: id, barangay_id, product_id, estimated_production, production_unit, year, season_id, planted_area, area_unit
[03-May-2025 18:00:50 Europe/Berlin] Columns in barangay_products: id, barangay_id, product_id, estimated_production, production_unit, year, season_id, planted_area, area_unit
[03-May-2025 18:00:54 Europe/Berlin] Columns in barangay_products: id, barangay_id, product_id, estimated_production, production_unit, year, season_id, planted_area, area_unit
[03-May-2025 18:00:58 Europe/Berlin] Columns in barangay_products: id, barangay_id, product_id, estimated_production, production_unit, year, season_id, planted_area, area_unit
[03-May-2025 18:01:00 Europe/Berlin] Columns in barangay_products: id, barangay_id, product_id, estimated_production, production_unit, year, season_id, planted_area, area_unit
[03-May-2025 18:01:06 Europe/Berlin] Columns in barangay_products: id, barangay_id, product_id, estimated_production, production_unit, year, season_id, planted_area, area_unit
[03-May-2025 18:02:56 Europe/Berlin] Columns in barangay_products: id, barangay_id, product_id, estimated_production, production_unit, year, season_id, planted_area, area_unit
[03-May-2025 18:02:58 Europe/Berlin] Columns in barangay_products: id, barangay_id, product_id, estimated_production, production_unit, year, season_id, planted_area, area_unit
[03-May-2025 18:03:06 Europe/Berlin] Columns in barangay_products: id, barangay_id, product_id, estimated_production, production_unit, year, season_id, planted_area, area_unit
[03-May-2025 18:03:12 Europe/Berlin] Columns in barangay_products: id, barangay_id, product_id, estimated_production, production_unit, year, season_id, planted_area, area_unit
[03-May-2025 18:03:16 Europe/Berlin] Columns in barangay_products: id, barangay_id, product_id, estimated_production, production_unit, year, season_id, planted_area, area_unit
[03-May-2025 18:03:39 Europe/Berlin] Columns in barangay_products: id, barangay_id, product_id, estimated_production, production_unit, year, season_id, planted_area, area_unit
[03-May-2025 18:04:03 Europe/Berlin] Columns in barangay_products: id, barangay_id, product_id, estimated_production, production_unit, year, season_id, planted_area, area_unit
[03-May-2025 18:04:18 Europe/Berlin] Columns in barangay_products: id, barangay_id, product_id, estimated_production, production_unit, year, season_id, planted_area, area_unit
[04-May-2025 02:30:58 Europe/Berlin] Columns in barangay_products: id, barangay_id, product_id, estimated_production, production_unit, year, season_id, planted_area, area_unit
[04-May-2025 02:31:04 Europe/Berlin] Columns in barangay_products: id, barangay_id, product_id, estimated_production, production_unit, year, season_id, planted_area, area_unit
[04-May-2025 02:31:06 Europe/Berlin] Columns in barangay_products: id, barangay_id, product_id, estimated_production, production_unit, year, season_id, planted_area, area_unit
[04-May-2025 02:31:07 Europe/Berlin] Columns in barangay_products: id, barangay_id, product_id, estimated_production, production_unit, year, season_id, planted_area, area_unit
[04-May-2025 02:31:09 Europe/Berlin] Columns in barangay_products: id, barangay_id, product_id, estimated_production, production_unit, year, season_id, planted_area, area_unit
[04-May-2025 02:31:11 Europe/Berlin] Columns in barangay_products: id, barangay_id, product_id, estimated_production, production_unit, year, season_id, planted_area, area_unit
[04-May-2025 02:31:16 Europe/Berlin] Columns in barangay_products: id, barangay_id, product_id, estimated_production, production_unit, year, season_id, planted_area, area_unit
[04-May-2025 02:31:18 Europe/Berlin] Columns in barangay_products: id, barangay_id, product_id, estimated_production, production_unit, year, season_id, planted_area, area_unit
[04-May-2025 02:31:20 Europe/Berlin] Columns in barangay_products: id, barangay_id, product_id, estimated_production, production_unit, year, season_id, planted_area, area_unit
[04-May-2025 02:31:27 Europe/Berlin] Columns in barangay_products: id, barangay_id, product_id, estimated_production, production_unit, year, season_id, planted_area, area_unit
[04-May-2025 02:32:49 Europe/Berlin] Columns in barangay_products: id, barangay_id, product_id, estimated_production, production_unit, year, season_id, planted_area, area_unit
[04-May-2025 02:41:24 Europe/Berlin] Columns in barangay_products: id, barangay_id, product_id, estimated_production, production_unit, year, season_id, planted_area, area_unit
[04-May-2025 02:41:26 Europe/Berlin] Columns in barangay_products: id, barangay_id, product_id, estimated_production, production_unit, year, season_id, planted_area, area_unit
[04-May-2025 02:41:30 Europe/Berlin] Columns in barangay_products: id, barangay_id, product_id, estimated_production, production_unit, year, season_id, planted_area, area_unit
[04-May-2025 02:41:34 Europe/Berlin] Columns in barangay_products: id, barangay_id, product_id, estimated_production, production_unit, year, season_id, planted_area, area_unit
[04-May-2025 02:41:36 Europe/Berlin] Columns in barangay_products: id, barangay_id, product_id, estimated_production, production_unit, year, season_id, planted_area, area_unit
[04-May-2025 02:41:43 Europe/Berlin] Columns in barangay_products: id, barangay_id, product_id, estimated_production, production_unit, year, season_id, planted_area, area_unit
[04-May-2025 02:41:47 Europe/Berlin] Columns in barangay_products: id, barangay_id, product_id, estimated_production, production_unit, year, season_id, planted_area, area_unit
[04-May-2025 07:56:32 Europe/Berlin] Columns in barangay_products: id, barangay_id, product_id, estimated_production, production_unit, year, season_id, planted_area, area_unit
[04-May-2025 07:56:34 Europe/Berlin] Columns in barangay_products: id, barangay_id, product_id, estimated_production, production_unit, year, season_id, planted_area, area_unit
[04-May-2025 07:56:37 Europe/Berlin] Columns in barangay_products: id, barangay_id, product_id, estimated_production, production_unit, year, season_id, planted_area, area_unit
[04-May-2025 07:56:54 Europe/Berlin] Columns in barangay_products: id, barangay_id, product_id, estimated_production, production_unit, year, season_id, planted_area, area_unit
[04-May-2025 08:12:38 Europe/Berlin] Columns in barangay_products: id, barangay_id, product_id, estimated_production, production_unit, year, season_id, planted_area, area_unit, field_id
[04-May-2025 08:12:48 Europe/Berlin] Columns in barangay_products: id, barangay_id, product_id, estimated_production, production_unit, year, season_id, planted_area, area_unit, field_id
[04-May-2025 08:13:08 Europe/Berlin] Columns in barangay_products: id, barangay_id, product_id, estimated_production, production_unit, year, season_id, planted_area, area_unit, field_id
[04-May-2025 08:13:14 Europe/Berlin] Columns in barangay_products: id, barangay_id, product_id, estimated_production, production_unit, year, season_id, planted_area, area_unit, field_id
[04-May-2025 08:13:40 Europe/Berlin] Columns in barangay_products: id, barangay_id, product_id, estimated_production, production_unit, year, season_id, planted_area, area_unit, field_id
[04-May-2025 08:34:17 Europe/Berlin] Columns in barangay_products: id, barangay_id, product_id, estimated_production, production_unit, year, season_id, planted_area, area_unit, field_id
[10-May-2025 20:32:58 Europe/Berlin] Columns in barangay_products: id, barangay_id, product_id, estimated_production, production_unit, year, season_id, planted_area, area_unit, field_id
[10-May-2025 20:33:04 Europe/Berlin] Columns in barangay_products: id, barangay_id, product_id, estimated_production, production_unit, year, season_id, planted_area, area_unit, field_id
[14-May-2025 18:01:45 Europe/Berlin] Columns in barangay_products: id, barangay_id, product_id, estimated_production, production_unit, year, season_id, planted_area, area_unit, field_id
[14-May-2025 18:01:48 Europe/Berlin] Columns in barangay_products: id, barangay_id, product_id, estimated_production, production_unit, year, season_id, planted_area, area_unit, field_id
[14-May-2025 18:01:53 Europe/Berlin] Columns in barangay_products: id, barangay_id, product_id, estimated_production, production_unit, year, season_id, planted_area, area_unit, field_id
[14-May-2025 18:01:57 Europe/Berlin] Columns in barangay_products: id, barangay_id, product_id, estimated_production, production_unit, year, season_id, planted_area, area_unit, field_id
[14-May-2025 18:02:00 Europe/Berlin] Columns in barangay_products: id, barangay_id, product_id, estimated_production, production_unit, year, season_id, planted_area, area_unit, field_id
[14-May-2025 18:02:03 Europe/Berlin] Columns in barangay_products: id, barangay_id, product_id, estimated_production, production_unit, year, season_id, planted_area, area_unit, field_id
[14-May-2025 18:02:10 Europe/Berlin] Columns in barangay_products: id, barangay_id, product_id, estimated_production, production_unit, year, season_id, planted_area, area_unit, field_id
[16-May-2025 11:34:43 Europe/Berlin] Columns in barangay_products: id, barangay_id, product_id, estimated_production, production_unit, year, season_id, planted_area, area_unit, field_id
[17-May-2025 06:20:42 Europe/Berlin] Columns in barangay_products: id, barangay_id, product_id, estimated_production, production_unit, year, season_id, planted_area, area_unit, field_id
[18-May-2025 04:43:56 Europe/Berlin] Columns in barangay_products: id, barangay_id, product_id, estimated_production, production_unit, year, season_id, planted_area, area_unit, field_id
[18-May-2025 05:07:33 Europe/Berlin] Columns in barangay_products: id, barangay_id, product_id, estimated_production, production_unit, year, season_id, planted_area, area_unit, field_id
[18-May-2025 05:46:06 Europe/Berlin] Columns in barangay_products: id, barangay_id, product_id, estimated_production, production_unit, year, season_id, planted_area, area_unit, field_id
[18-May-2025 06:43:29 Europe/Berlin] Columns in barangay_products: id, barangay_id, product_id, estimated_production, production_unit, year, season_id, planted_area, area_unit, field_id
[18-May-2025 06:43:30 Europe/Berlin] Columns in barangay_products: id, barangay_id, product_id, estimated_production, production_unit, year, season_id, planted_area, area_unit, field_id
[18-May-2025 06:50:13 Europe/Berlin] Columns in barangay_products: id, barangay_id, product_id, estimated_production, production_unit, year, season_id, planted_area, area_unit, field_id
[18-May-2025 06:50:24 Europe/Berlin] Columns in barangay_products: id, barangay_id, product_id, estimated_production, production_unit, year, season_id, planted_area, area_unit, field_id
[18-May-2025 06:50:30 Europe/Berlin] Columns in barangay_products: id, barangay_id, product_id, estimated_production, production_unit, year, season_id, planted_area, area_unit, field_id
[18-May-2025 09:14:16 Europe/Berlin] Columns in barangay_products: id, barangay_id, product_id, estimated_production, production_unit, year, season_id, planted_area, area_unit, field_id
[18-May-2025 10:37:53 Europe/Berlin] Columns in barangay_products: id, barangay_id, product_id, estimated_production, production_unit, year, season_id, planted_area, area_unit, field_id
[18-May-2025 17:13:09 Europe/Berlin] Columns in barangay_products: id, barangay_id, product_id, estimated_production, production_unit, year, season_id, planted_area, area_unit, field_id
[23-May-2025 16:21:42 Europe/Berlin] Columns in barangay_products: id, barangay_id, product_id, estimated_production, production_unit, year, season_id, planted_area, area_unit, field_id
[26-May-2025 18:55:28 Europe/Berlin] [DEBUG] Starting login process
[26-May-2025 18:55:28 Europe/Berlin] [DEBUG] Raw input received: {"email":"largoangelinegrime@gmail.com","password":"1234567"}
[26-May-2025 18:55:28 Europe/Berlin] [DEBUG] User found: largoangelinegrime
[26-May-2025 18:55:28 Europe/Berlin] [ERROR] Password verification failed
[26-May-2025 18:55:28 Europe/Berlin] [ERROR] Login failed: Invalid password
[26-May-2025 18:55:33 Europe/Berlin] [DEBUG] Starting login process
[26-May-2025 18:55:33 Europe/Berlin] [DEBUG] Raw input received: {"email":"largoangelinegrime@gmail.com","password":"12345678"}
[26-May-2025 18:55:33 Europe/Berlin] [DEBUG] User found: largoangelinegrime
