[21-May-2025 06:26:28 Europe/Berlin] REQUEST_METHOD: POST
[21-May-2025 06:26:28 Europe/Berlin] REQUEST_BODY: {"email":"dayn@gmail.com"}
[21-May-2025 06:26:28 Europe/Berlin] PHP Fatal error:  Uncaught Error: Class "Database" not found in C:\xampp\htdocs\capstone\my-new-app\api\forgot-password.php:56
Stack trace:
#0 {main}
  thrown in C:\xampp\htdocs\capstone\my-new-app\api\forgot-password.php on line 56
[21-May-2025 08:37:13 Europe/Berlin] REQUEST_METHOD: POST
[21-May-2025 08:37:13 Europe/Berlin] REQUEST_BODY: {"email":"dayn@gmail.com"}
[21-May-2025 08:37:13 Europe/Berlin] PHP Fatal error:  Uncaught Error: Class "Database" not found in C:\xampp\htdocs\capstone\my-new-app\api\forgot-password.php:64
Stack trace:
#0 {main}
  thrown in C:\xampp\htdocs\capstone\my-new-app\api\forgot-password.php on line 64
[21-May-2025 08:40:16 Europe/Berlin] REQUEST_METHOD: POST
[21-May-2025 08:40:16 Europe/Berlin] REQUEST_BODY: {"email":"dayn@gmail.com"}
[21-May-2025 08:40:16 Europe/Berlin] PHP Fatal error:  Uncaught Error: Class "Database" not found in C:\xampp\htdocs\capstone\my-new-app\api\forgot-password.php:64
Stack trace:
#0 {main}
  thrown in C:\xampp\htdocs\capstone\my-new-app\api\forgot-password.php on line 64
[21-May-2025 08:45:29 Europe/Berlin] REQUEST_METHOD: POST
[21-May-2025 08:45:29 Europe/Berlin] REQUEST_BODY: {"email":"dayn@gmail.com"}
[21-May-2025 08:45:29 Europe/Berlin] PHP Fatal error:  Uncaught Error: Class "Database" not found in C:\xampp\htdocs\capstone\my-new-app\api\forgot-password.php:64
Stack trace:
#0 {main}
  thrown in C:\xampp\htdocs\capstone\my-new-app\api\forgot-password.php on line 64
[21-May-2025 08:45:31 Europe/Berlin] REQUEST_METHOD: POST
[21-May-2025 08:45:31 Europe/Berlin] REQUEST_BODY: {"email":"dayn@gmail.com"}
[21-May-2025 08:45:31 Europe/Berlin] PHP Fatal error:  Uncaught Error: Class "Database" not found in C:\xampp\htdocs\capstone\my-new-app\api\forgot-password.php:64
Stack trace:
#0 {main}
  thrown in C:\xampp\htdocs\capstone\my-new-app\api\forgot-password.php on line 64
[21-May-2025 08:50:23 Europe/Berlin] Successfully included database config from: config/database.php
[21-May-2025 08:50:23 Europe/Berlin] REQUEST_METHOD: POST
[21-May-2025 08:50:23 Europe/Berlin] REQUEST_BODY: {
  "email": "test@example.com"
}
[21-May-2025 08:50:23 Europe/Berlin] Creating database instance
[21-May-2025 08:50:23 Europe/Berlin] Getting database connection
[21-May-2025 08:50:23 Europe/Berlin] Database connection successful
[21-May-2025 08:50:23 Europe/Berlin] Raw input: {
  "email": "test@example.com"
}
[21-May-2025 08:50:23 Europe/Berlin] Error in forgot-password.php: Unknown column 'id' in 'field list'
[21-May-2025 08:50:23 Europe/Berlin] Exception trace: #0 C:\xampp\htdocs\capstone\my-new-app\api\models\user.php(27): mysqli->prepare('SELECT id, name...')
#1 C:\xampp\htdocs\capstone\my-new-app\api\forgot-password.php(132): User->emailExists('test@example.co...')
#2 {main}
[21-May-2025 08:57:51 Europe/Berlin] Successfully included database config from: config/database.php
[21-May-2025 08:57:51 Europe/Berlin] REQUEST_METHOD: POST
[21-May-2025 08:57:51 Europe/Berlin] REQUEST_BODY: {
  "email": "test@example.com"
}
[21-May-2025 08:57:51 Europe/Berlin] Creating database instance
[21-May-2025 08:57:51 Europe/Berlin] Getting database connection
[21-May-2025 08:57:51 Europe/Berlin] Database connection successful
[21-May-2025 08:57:51 Europe/Berlin] Raw input: {
  "email": "test@example.com"
}
[21-May-2025 08:57:51 Europe/Berlin] Checking if email exists: test@example.com
[21-May-2025 08:57:51 Europe/Berlin] PHP Fatal error:  Uncaught Error: Call to undefined method mysqli_stmt::bindParam() in C:\xampp\htdocs\capstone\my-new-app\api\models\user.php:27
Stack trace:
#0 C:\xampp\htdocs\capstone\my-new-app\api\forgot-password.php(131): User->emailExists('test@example.co...')
#1 {main}
  thrown in C:\xampp\htdocs\capstone\my-new-app\api\models\user.php on line 27
[21-May-2025 09:06:15 Europe/Berlin] Successfully included database config from: config/database.php
[21-May-2025 09:06:15 Europe/Berlin] REQUEST_METHOD: POST
[21-May-2025 09:06:15 Europe/Berlin] REQUEST_BODY: {"email":"dayn@gmail.com"}
[21-May-2025 09:06:15 Europe/Berlin] Creating database instance
[21-May-2025 09:06:15 Europe/Berlin] Getting database connection
[21-May-2025 09:06:15 Europe/Berlin] Database connection successful
[21-May-2025 09:06:15 Europe/Berlin] Raw input: {"email":"dayn@gmail.com"}
[21-May-2025 09:06:15 Europe/Berlin] Checking if email exists: dayn@gmail.com
[21-May-2025 09:06:15 Europe/Berlin] PHP Fatal error:  Uncaught Error: Call to undefined method mysqli_stmt::bindParam() in C:\xampp\htdocs\capstone\my-new-app\api\models\user.php:27
Stack trace:
#0 C:\xampp\htdocs\capstone\my-new-app\api\forgot-password.php(131): User->emailExists('dayn@gmail.com')
#1 {main}
  thrown in C:\xampp\htdocs\capstone\my-new-app\api\models\user.php on line 27
[21-May-2025 09:13:08 Europe/Berlin] Successfully included database config from: config/database.php
[21-May-2025 09:13:08 Europe/Berlin] REQUEST_METHOD: POST
[21-May-2025 09:13:08 Europe/Berlin] REQUEST_BODY: {"email":"test@example.com"}
[21-May-2025 09:13:08 Europe/Berlin] Creating database instance
[21-May-2025 09:13:08 Europe/Berlin] Getting database connection
[21-May-2025 09:13:08 Europe/Berlin] Database connection successful
[21-May-2025 09:13:08 Europe/Berlin] Raw input: {"email":"test@example.com"}
[21-May-2025 09:13:08 Europe/Berlin] Checking if email exists: test@example.com
[21-May-2025 09:13:23 Europe/Berlin] Successfully included database config from: config/database.php
[21-May-2025 09:13:23 Europe/Berlin] REQUEST_METHOD: POST
[21-May-2025 09:13:23 Europe/Berlin] REQUEST_BODY: {"email":"dayn@gmail.com"}
[21-May-2025 09:13:23 Europe/Berlin] Creating database instance
[21-May-2025 09:13:23 Europe/Berlin] Getting database connection
[21-May-2025 09:13:23 Europe/Berlin] Database connection successful
[21-May-2025 09:13:23 Europe/Berlin] Raw input: {"email":"dayn@gmail.com"}
[21-May-2025 09:13:23 Europe/Berlin] Checking if email exists: dayn@gmail.com
[21-May-2025 09:13:23 Europe/Berlin] Email exists! User ID: 46
[21-May-2025 09:13:23 Europe/Berlin] Generated token: ab5681ae75baf468a13aa5e25b0d63435a187e226e4395deef4d150f6f46e3da
[21-May-2025 09:13:23 Europe/Berlin] Password Reset Token for dayn@gmail.com: ab5681ae75baf468a13aa5e25b0d63435a187e226e4395deef4d150f6f46e3da
[21-May-2025 09:13:23 Europe/Berlin] Reset Link: farmersmarket://reset-password?token=ab5681ae75baf468a13aa5e25b0d63435a187e226e4395deef4d150f6f46e3da
[21-May-2025 09:13:26 Europe/Berlin] Successfully included database config from: config/database.php
[21-May-2025 09:13:26 Europe/Berlin] REQUEST_METHOD: POST
[21-May-2025 09:13:26 Europe/Berlin] REQUEST_BODY: {"email":"dayn@gmail.com"}
[21-May-2025 09:13:26 Europe/Berlin] Creating database instance
[21-May-2025 09:13:26 Europe/Berlin] Getting database connection
[21-May-2025 09:13:26 Europe/Berlin] Database connection successful
[21-May-2025 09:13:26 Europe/Berlin] Raw input: {"email":"dayn@gmail.com"}
[21-May-2025 09:13:26 Europe/Berlin] Checking if email exists: dayn@gmail.com
[21-May-2025 09:13:26 Europe/Berlin] Email exists! User ID: 46
[21-May-2025 09:13:26 Europe/Berlin] Generated token: 9d8e2c74add70462ae95c5db038d6df92e025d30745bb1d0190b733d51e934ba
[21-May-2025 09:13:26 Europe/Berlin] Password Reset Token for dayn@gmail.com: 9d8e2c74add70462ae95c5db038d6df92e025d30745bb1d0190b733d51e934ba
[21-May-2025 09:13:26 Europe/Berlin] Reset Link: farmersmarket://reset-password?token=9d8e2c74add70462ae95c5db038d6df92e025d30745bb1d0190b733d51e934ba
[21-May-2025 09:13:27 Europe/Berlin] Successfully included database config from: config/database.php
[21-May-2025 09:13:27 Europe/Berlin] REQUEST_METHOD: POST
[21-May-2025 09:13:27 Europe/Berlin] REQUEST_BODY: {"email":"dayn@gmail.com"}
[21-May-2025 09:13:27 Europe/Berlin] Creating database instance
[21-May-2025 09:13:27 Europe/Berlin] Getting database connection
[21-May-2025 09:13:27 Europe/Berlin] Database connection successful
[21-May-2025 09:13:27 Europe/Berlin] Raw input: {"email":"dayn@gmail.com"}
[21-May-2025 09:13:27 Europe/Berlin] Checking if email exists: dayn@gmail.com
[21-May-2025 09:13:27 Europe/Berlin] Email exists! User ID: 46
[21-May-2025 09:13:27 Europe/Berlin] Generated token: 62e67cddc38482e0e29cdbb88660b7e18a6a0e47b66891408fab8dd566d43732
[21-May-2025 09:13:27 Europe/Berlin] Password Reset Token for dayn@gmail.com: 62e67cddc38482e0e29cdbb88660b7e18a6a0e47b66891408fab8dd566d43732
[21-May-2025 09:13:27 Europe/Berlin] Reset Link: farmersmarket://reset-password?token=62e67cddc38482e0e29cdbb88660b7e18a6a0e47b66891408fab8dd566d43732
[21-May-2025 09:14:21 Europe/Berlin] Successfully included database config from: config/database.php
[21-May-2025 09:14:21 Europe/Berlin] REQUEST_METHOD: POST
[21-May-2025 09:14:21 Europe/Berlin] REQUEST_BODY: {\
[21-May-2025 09:14:21 Europe/Berlin] Creating database instance
[21-May-2025 09:14:21 Europe/Berlin] Getting database connection
[21-May-2025 09:14:21 Europe/Berlin] Database connection successful
[21-May-2025 09:14:21 Europe/Berlin] Raw input: {\
[21-May-2025 09:14:21 Europe/Berlin] JSON decode error: Syntax error
