2025-04-21 11:23:42: {"items":[{"product_id":48,"quantity":1}],"pickup_details":"Municipal Agriculture Office"}

2025-04-21 11:27:19: {"items":[{"product_id":48,"quantity":2}],"pickup_details":"Municipal Agriculture Office"}

2025-04-22 14:55:53: {"items":[{"product_id":60,"quantity":1},{"product_id":58,"quantity":1}],"pickup_details":"Municipal Agriculture Office","user_id":38}

2025-04-22 14:56:19: {"items":[{"product_id":56,"quantity":2}],"pickup_details":"Municipal Agriculture Office","user_id":38}

2025-04-22 15:46:16: {"items":[{"product_id":58,"quantity":1}],"pickup_details":"Municipal Agriculture Office","user_id":38}

2025-04-22 15:46:25: {"items":[{"product_id":55,"quantity":1}],"pickup_details":"Municipal Agriculture Office","user_id":38}

2025-04-23 00:01:07: {"items":[{"product_id":55,"quantity":1}],"pickup_details":"Municipal Agriculture Office","user_id":38}

2025-04-23 00:01:15: {"items":[{"product_id":54,"quantity":1}],"pickup_details":"Municipal Agriculture Office","user_id":38}

2025-04-23 00:02:37: {"items":[{"product_id":48,"quantity":1}],"pickup_details":"Municipal Agriculture Office","user_id":38}

2025-04-23 00:04:34: {"items":[{"product_id":48,"quantity":1},{"product_id":60,"quantity":1}],"pickup_details":"Municipal Agriculture Office","user_id":38}

2025-04-23 00:12:40: {"items":[{"product_id":38,"quantity":1}],"pickup_details":"Municipal Agriculture Office","user_id":38}

2025-04-23 00:12:40: {"items":[{"product_id":38,"quantity":1}],"pickup_details":"Municipal Agriculture Office","user_id":38}

2025-04-23 03:54:36: {"items":[{"product_id":60,"quantity":1}],"pickup_details":"Municipal Agriculture Office","user_id":38}

2025-04-23 04:01:35: {"items":[{"product_id":54,"quantity":3},{"product_id":48,"quantity":3}],"pickup_details":"Municipal Agriculture Office","user_id":38}

2025-04-23 04:02:08: {"items":[{"product_id":58,"quantity":1}],"pickup_details":"Municipal Agriculture Office","user_id":38}

2025-04-23 04:07:15: {"items":[{"product_id":56,"quantity":1}],"pickup_details":"Municipal Agriculture Office","user_id":38}

2025-04-23 04:14:26: {"items":[{"product_id":54,"quantity":1}],"pickup_details":"Municipal Agriculture Office","user_id":38}

2025-04-23 04:16:23: {"items":[{"product_id":54,"quantity":1}],"pickup_details":"Municipal Agriculture Office","user_id":38}

2025-04-23 04:20:01: {"items":[{"product_id":54,"quantity":1}],"pickup_details":"Municipal Agriculture Office","user_id":38}

2025-04-23 04:25:09: {"items":[{"product_id":45,"quantity":1}],"pickup_details":"Municipal Agriculture Office","user_id":38}

2025-04-23 04:48:46: {"items":[{"product_id":59,"quantity":1}],"pickup_details":"Municipal Agriculture Office","user_id":38}

2025-04-23 05:22:15: {"items":[{"product_id":48,"quantity":1}],"pickup_details":"Municipal Agriculture Office","user_id":38}

2025-04-23 05:27:52: {"items":[{"product_id":45,"quantity":1}],"pickup_details":"Municipal Agriculture Office","user_id":38}

2025-04-23 05:34:29: {"items":[{"product_id":48,"quantity":1}],"pickup_details":"Municipal Agriculture Office","user_id":38}

2025-04-23 17:08:58: {"items":[{"product_id":45,"quantity":1}],"pickup_details":"Municipal Agriculture Office","user_id":38}

2025-04-23 17:35:49: {"items":[{"product_id":48,"quantity":1}],"pickup_details":"Municipal Agriculture Office","user_id":38}

2025-04-24 02:30:04: {"items":[{"product_id":45,"quantity":4}],"pickup_details":"Municipal Agriculture Office","user_id":38}

2025-04-24 02:35:06: {"items":[{"product_id":48,"quantity":1}],"pickup_details":"Municipal Agriculture Office","user_id":38}

2025-04-24 07:39:40: {"items":[{"product_id":48,"quantity":1}],"pickup_details":"Municipal Agriculture Office","user_id":38}

2025-04-24 08:39:52: {"items":[{"product_id":48,"quantity":1}],"pickup_details":"Municipal Agriculture Office","user_id":38}

2025-04-24 08:52:59: {"items":[{"product_id":48,"quantity":1}],"pickup_details":"Municipal Agriculture Office","user_id":38}

2025-04-24 08:53:59: {"items":[{"product_id":48,"quantity":1}],"pickup_details":"Municipal Agriculture Office","user_id":38}

2025-04-24 09:29:44: {"items":[{"product_id":45,"quantity":1}],"pickup_details":"Municipal Agriculture Office","user_id":38}

2025-04-24 11:51:08: {"items":[{"product_id":45,"quantity":1}],"pickup_details":"Municipal Agriculture Office","user_id":38}

2025-04-24 11:55:40: 

2025-04-24 14:45:39: {"items":[{"product_id":48,"quantity":1}],"pickup_details":"Municipal Agriculture Office","user_id":38}

2025-04-24 14:58:27: {"items":[{"product_id":58,"quantity":5}],"pickup_details":"Municipal Agriculture Office","user_id":38}

2025-04-24 15:01:14: {"items":[{"product_id":59,"quantity":1}],"pickup_details":"Municipal Agriculture Office","user_id":38}

2025-04-24 15:07:10: {"items":[{"product_id":8,"quantity":5}],"pickup_details":"Municipal Agriculture Office","user_id":38}

2025-04-24 15:07:13: {"order_id":45,"status":"pending"}

2025-04-24 15:07:14: {"order_id":45,"status":"pending"}

2025-04-24 15:07:15: {"order_id":45,"status":"pending"}

2025-04-24 15:11:10: {"items":[{"product_id":45,"quantity":6}],"pickup_details":"Municipal Agriculture Office","user_id":38}

2025-04-24 15:11:16: {"order_id":46,"status":"pending"}

2025-04-24 15:11:17: {"order_id":46,"status":"pending"}

2025-04-24 15:11:18: {"order_id":46,"status":"pending"}

2025-04-25 10:20:58: {"items":[{"product_id":45,"quantity":1},{"product_id":61,"quantity":1},{"product_id":60,"quantity":1},{"product_id":58,"quantity":1}],"pickup_details":"Municipal Agriculture Office","user_id":38}

2025-04-25 10:20:58: {"items":[{"product_id":45,"quantity":1},{"product_id":61,"quantity":1},{"product_id":60,"quantity":1},{"product_id":58,"quantity":1}],"pickup_details":"Municipal Agriculture Office","user_id":38}

2025-04-25 10:20:58: {"items":[{"product_id":45,"quantity":1},{"product_id":61,"quantity":1},{"product_id":60,"quantity":1},{"product_id":58,"quantity":1}],"pickup_details":"Municipal Agriculture Office","user_id":38}

2025-04-25 10:20:58: {"items":[{"product_id":45,"quantity":1},{"product_id":61,"quantity":1},{"product_id":60,"quantity":1},{"product_id":58,"quantity":1}],"pickup_details":"Municipal Agriculture Office","user_id":38}

2025-04-25 10:20:58: {"items":[{"product_id":45,"quantity":1},{"product_id":61,"quantity":1},{"product_id":60,"quantity":1},{"product_id":58,"quantity":1}],"pickup_details":"Municipal Agriculture Office","user_id":38}

2025-04-25 10:20:58: {"items":[{"product_id":45,"quantity":1},{"product_id":61,"quantity":1},{"product_id":60,"quantity":1},{"product_id":58,"quantity":1}],"pickup_details":"Municipal Agriculture Office","user_id":38}

2025-04-25 10:20:58: {"items":[{"product_id":45,"quantity":1},{"product_id":61,"quantity":1},{"product_id":60,"quantity":1},{"product_id":58,"quantity":1}],"pickup_details":"Municipal Agriculture Office","user_id":38}

2025-04-25 10:20:58: {"items":[{"product_id":45,"quantity":1},{"product_id":61,"quantity":1},{"product_id":60,"quantity":1},{"product_id":58,"quantity":1}],"pickup_details":"Municipal Agriculture Office","user_id":38}

2025-04-25 10:20:58: {"items":[{"product_id":45,"quantity":1},{"product_id":61,"quantity":1},{"product_id":60,"quantity":1},{"product_id":58,"quantity":1}],"pickup_details":"Municipal Agriculture Office","user_id":38}

2025-04-25 10:20:58: {"items":[{"product_id":45,"quantity":1},{"product_id":61,"quantity":1},{"product_id":60,"quantity":1},{"product_id":58,"quantity":1}],"pickup_details":"Municipal Agriculture Office","user_id":38}

2025-04-25 10:20:58: {"items":[{"product_id":45,"quantity":1},{"product_id":61,"quantity":1},{"product_id":60,"quantity":1},{"product_id":58,"quantity":1}],"pickup_details":"Municipal Agriculture Office","user_id":38}

2025-04-25 10:20:58: {"items":[{"product_id":45,"quantity":1},{"product_id":61,"quantity":1},{"product_id":60,"quantity":1},{"product_id":58,"quantity":1}],"pickup_details":"Municipal Agriculture Office","user_id":38}

2025-04-25 12:03:41: {"items":[{"product_id":59,"quantity":1},{"product_id":10,"quantity":1},{"product_id":9,"quantity":1},{"product_id":8,"quantity":1},{"product_id":55,"quantity":1}],"pickup_details":"Municipal Agriculture Office","user_id":38}

2025-04-25 20:30:31: {"items":[{"product_id":54,"quantity":1},{"product_id":10,"quantity":1},{"product_id":9,"quantity":1},{"product_id":8,"quantity":1}],"pickup_details":"Municipal Agriculture Office","user_id":38}

2025-04-26 03:42:28: {"items":[{"product_id":8,"quantity":1},{"product_id":9,"quantity":2},{"product_id":10,"quantity":2}],"pickup_details":"Municipal Agriculture Office","user_id":38}

2025-04-26 03:42:42: {"action":"schedule_pickup","order_id":61,"pickup_date":"2025-04-26","payment_id":"offline-1745631753804-3njs602y"}

2025-04-26 03:44:57: {"action":"schedule_pickup","order_id":61,"pickup_date":"2025-04-26","payment_id":"offline-1745631753804-3njs602y"}

2025-04-26 03:48:09: {"items":[{"product_id":8,"quantity":1}],"pickup_details":"Municipal Agriculture Office","user_id":38}

2025-04-26 03:48:23: {"action":"schedule_pickup","order_id":62,"pickup_date":"2025-04-26","payment_id":"offline-1745631753804-3njs602y","items":[]}

2025-04-26 03:57:08: {"order_id":62,"status":"pending","items":[]}

2025-04-26 03:57:09: {"order_id":62,"status":"pending","items":[]}

2025-04-26 03:57:10: {"order_id":62,"status":"pending","items":[]}

2025-04-26 06:31:20: {"items":[{"product_id":8,"quantity":1},{"product_id":10,"quantity":1},{"product_id":9,"quantity":1}],"pickup_details":"Municipal Agriculture Office","user_id":38}

2025-04-26 06:31:56: {"action":"schedule_pickup","order_id":63,"pickup_date":"2025-04-27","payment_id":17,"items":[]}

2025-04-26 06:31:57: {"order_id":63,"status":"pending","items":[]}

2025-04-26 06:31:58: {"order_id":63,"status":"pending","items":[]}

2025-04-26 06:31:59: {"order_id":63,"status":"pending","items":[]}

2025-04-26 06:33:11: {"order_id":63,"status":"pending","items":[]}

2025-04-26 06:33:12: {"order_id":63,"status":"pending","items":[]}

2025-04-26 06:33:13: {"order_id":63,"status":"pending","items":[]}

2025-04-26 06:35:06: {"items":[{"product_id":8,"quantity":1},{"product_id":10,"quantity":1}],"pickup_details":"Municipal Agriculture Office","user_id":38}

2025-04-26 06:35:16: {"action":"schedule_pickup","order_id":64,"pickup_date":"2025-04-27","payment_id":17,"items":[]}

2025-04-26 06:35:16: {"order_id":64,"status":"pending","items":[]}

2025-04-26 06:35:17: {"order_id":64,"status":"pending","items":[]}

2025-04-26 06:35:18: {"order_id":64,"status":"pending","items":[]}

2025-04-26 06:39:15: {"items":[{"product_id":9,"quantity":1}],"pickup_details":"Municipal Agriculture Office","user_id":38}

2025-04-26 06:39:56: {"action":"schedule_pickup","order_id":65,"pickup_date":"2025-04-27","payment_id":17,"items":[]}

2025-04-26 06:39:56: {"order_id":65,"status":"pending","items":[]}

2025-04-26 06:39:57: {"order_id":65,"status":"pending","items":[]}

2025-04-26 06:39:58: {"order_id":65,"status":"pending","items":[]}

2025-04-26 06:46:09: {"items":[{"product_id":54,"quantity":1},{"product_id":55,"quantity":1},{"product_id":56,"quantity":1}],"pickup_details":"Municipal Agriculture Office","user_id":38}

2025-04-26 06:46:20: {"action":"schedule_pickup","order_id":66,"pickup_date":"2025-04-27","payment_id":17,"items":[]}

2025-04-26 06:46:20: {"action":"update_status","order_id":66,"status":"pending"}

2025-04-26 06:53:30: {"items":[{"product_id":48,"quantity":1},{"product_id":55,"quantity":1},{"product_id":54,"quantity":1}],"pickup_details":"Municipal Agriculture Office","user_id":38}

2025-04-26 06:53:34: {"action":"schedule_pickup","order_id":67,"pickup_date":"2025-04-27","payment_id":17,"items":[]}

2025-04-26 06:53:34: {"action":"update_status","order_id":67,"status":"pending"}

2025-04-26 06:56:30: {"items":[{"product_id":55,"quantity":1}],"pickup_details":"Municipal Agriculture Office","user_id":38}

2025-04-26 06:56:33: {"action":"update_status","order_id":68,"status":"pending"}

2025-04-26 06:58:27: {"items":[{"product_id":48,"quantity":1}],"pickup_details":"Municipal Agriculture Office","user_id":38}

2025-04-26 06:58:28: {"items":[{"product_id":48,"quantity":1}],"pickup_details":"Municipal Agriculture Office","user_id":38}

2025-04-26 06:58:36: {"action":"schedule_pickup","order_id":70,"pickup_date":"2025-04-27","payment_id":18,"items":[]}

2025-04-26 06:58:36: {"action":"update_status","order_id":70,"status":"pending"}

2025-04-26 07:05:37: {"items":[{"product_id":48,"quantity":1},{"product_id":45,"quantity":1},{"product_id":56,"quantity":1},{"product_id":57,"quantity":1},{"product_id":61,"quantity":1}],"pickup_details":"Municipal Agriculture Office","user_id":38}

2025-04-26 07:05:37: {"items":[{"product_id":48,"quantity":1},{"product_id":45,"quantity":1},{"product_id":56,"quantity":1},{"product_id":57,"quantity":1},{"product_id":61,"quantity":1}],"pickup_details":"Municipal Agriculture Office","user_id":38}

2025-04-26 07:05:43: {"action":"schedule_pickup","order_id":71,"pickup_date":"2025-04-27","payment_id":18,"items":[]}

2025-04-26 07:05:44: {"action":"update_status","order_id":71,"status":"pending"}

2025-04-26 07:06:01: {"items":[{"product_id":60,"quantity":1},{"product_id":61,"quantity":1}],"pickup_details":"Municipal Agriculture Office","user_id":38}

2025-04-26 07:06:05: {"action":"update_status","order_id":73,"status":"pending"}

2025-04-26 07:09:33: {"items":[{"product_id":45,"quantity":1},{"product_id":48,"quantity":1}],"pickup_details":"Municipal Agriculture Office","user_id":38}

2025-04-26 07:09:51: {"action":"schedule_pickup","order_id":74,"pickup_date":"2025-04-27","payment_id":18,"items":[]}

2025-04-26 07:09:51: {"action":"update_status","order_id":74,"status":"pending"}

2025-04-26 07:16:18: {"items":[{"product_id":55,"quantity":1},{"product_id":54,"quantity":1}],"pickup_details":"Municipal Agriculture Office","user_id":38}

2025-04-26 11:35:09: {"items":[{"product_id":45,"quantity":1},{"product_id":48,"quantity":1},{"product_id":56,"quantity":3}],"pickup_details":"Municipal Agriculture Office","user_id":38}

2025-04-26 11:35:21: {"action":"schedule_pickup","order_id":76,"pickup_date":"2025-04-27","payment_id":19,"items":[]}

2025-04-26 11:35:21: {"action":"update_status","order_id":76,"status":"pending"}

2025-04-26 11:43:40: {"items":[{"product_id":57,"quantity":1},{"product_id":55,"quantity":1},{"product_id":56,"quantity":1}],"pickup_details":"Municipal Agriculture Office","user_id":38}

2025-04-26 11:44:09: {"action":"update_status","order_id":77,"status":"pending"}

2025-04-26 11:46:28: {"items":[{"product_id":57,"quantity":1}],"pickup_details":"Municipal Agriculture Office","user_id":38}

2025-04-26 11:46:52: {"action":"update_status","order_id":78,"status":"pending"}

2025-04-26 11:59:00: {"items":[{"product_id":55,"quantity":1}],"pickup_details":"Municipal Agriculture Office","user_id":38}

2025-04-26 11:59:07: {"action":"update_status","order_id":79,"status":"pending"}

2025-04-26 11:59:20: {"items":[{"product_id":54,"quantity":1}],"pickup_details":"Municipal Agriculture Office","user_id":38}

2025-04-26 12:02:12: {"action":"schedule_pickup","order_id":80,"pickup_date":"2025-04-27","payment_id":19,"items":[]}

2025-04-26 12:02:12: {"action":"update_status","order_id":80,"status":"pending"}

2025-04-26 12:04:46: {"items":[{"product_id":48,"quantity":1}],"pickup_details":"Municipal Agriculture Office","user_id":38}

2025-04-26 12:04:52: {"action":"update_status","order_id":81,"status":"pending"}

2025-04-26 12:09:15: {"items":[{"product_id":48,"quantity":1}],"pickup_details":"Municipal Agriculture Office","user_id":38}

2025-04-26 12:09:25: {"action":"update_status","order_id":82,"status":"pending"}

2025-04-26 12:27:16: {"items":[{"product_id":55,"quantity":1}],"pickup_details":"Municipal Agriculture Office","user_id":38}

2025-04-26 12:30:13: {"action":"schedule_pickup","order_id":83,"pickup_date":"2025-04-27","payment_id":19,"items":[]}

2025-04-26 12:30:13: {"action":"update_status","order_id":83,"status":"pending"}

2025-04-26 12:30:20: {"items":[{"product_id":55,"quantity":1}],"pickup_details":"Municipal Agriculture Office","user_id":38}

2025-04-26 12:30:42: {"action":"schedule_pickup","order_id":84,"pickup_date":"2025-04-27","payment_id":19,"items":[]}

2025-04-26 12:30:42: {"action":"update_status","order_id":84,"status":"pending"}

2025-04-26 12:46:21: {"items":[{"product_id":48,"quantity":1},{"product_id":45,"quantity":1}],"pickup_details":"Municipal Agriculture Office","user_id":38}

2025-04-26 13:18:14: {"action":"schedule_pickup","order_id":85,"pickup_date":"2025-04-27","payment_id":20,"items":[]}

2025-04-26 13:19:54: {"items":[{"product_id":45,"quantity":1},{"product_id":54,"quantity":1}],"pickup_details":"Municipal Agriculture Office","user_id":38}

2025-04-26 13:21:44: {"action":"schedule_pickup","order_id":86,"pickup_date":"2025-04-27","payment_id":21,"items":[]}

2025-04-26 13:46:36: {"items":[{"product_id":45,"quantity":2}],"pickup_details":"Municipal Agriculture Office","user_id":38}

2025-04-26 13:50:13: {"items":[{"product_id":45,"quantity":1}],"pickup_details":"Municipal Agriculture Office","user_id":38}

2025-04-26 13:50:59: {"items":[{"product_id":45,"quantity":1}],"pickup_details":"Municipal Agriculture Office","user_id":38}

2025-04-27 08:26:34: 

2025-04-27 08:28:58: 

2025-04-27 08:29:00: 

2025-04-27 08:29:01: 

2025-04-27 08:29:10: 

2025-04-27 08:29:14: 

2025-04-27 08:31:58: 

2025-04-27 08:32:08: 

2025-04-27 08:32:08: 

2025-04-27 08:32:09: 

2025-04-27 08:33:15: 

2025-04-27 08:34:13: 

2025-04-27 08:37:51: 

2025-04-27 08:42:48: {"items":[{"product_id":45,"quantity":1},{"product_id":48,"quantity":1}],"pickup_details":"Municipal Agriculture Office","user_id":40}

2025-04-27 08:45:08: {"action":"schedule_pickup","order_id":90,"pickup_date":"2025-04-28","payment_id":25,"items":[]}

2025-04-27 08:48:38: {"items":[{"product_id":55,"quantity":1},{"product_id":54,"quantity":1}],"pickup_details":"Municipal Agriculture Office","user_id":40}

2025-04-27 09:23:49: 

2025-04-27 09:23:50: 

2025-04-27 09:29:02: {"items":[{"product_id":45,"quantity":2}],"pickup_details":"Municipal Agriculture Office","user_id":40}

2025-04-27 09:29:15: {"action":"schedule_pickup","order_id":1,"pickup_date":"2025-04-30","payment_id":1,"items":[]}

2025-04-27 09:29:54: {"items":[{"product_id":45,"quantity":1},{"product_id":48,"quantity":1},{"product_id":54,"quantity":1},{"product_id":55,"quantity":1}],"pickup_details":"Municipal Agriculture Office","user_id":40}

2025-04-27 09:30:53: {"action":"schedule_pickup","order_id":2,"pickup_date":"2025-04-30","payment_id":3,"items":[]}

2025-04-27 09:33:24: {"items":[{"product_id":45,"quantity":1}],"pickup_details":"Municipal Agriculture Office","user_id":40}

2025-04-27 09:33:38: {"action":"schedule_pickup","order_id":3,"pickup_date":"2025-04-30","payment_id":4,"items":[]}

2025-04-27 09:34:12: {"items":[{"product_id":48,"quantity":1}],"pickup_details":"Municipal Agriculture Office","user_id":40}

2025-04-27 09:34:17: {"action":"schedule_pickup","order_id":4,"pickup_date":"2025-04-30","payment_id":6,"items":[]}

2025-04-27 09:35:17: {"items":[{"product_id":45,"quantity":1},{"product_id":48,"quantity":1},{"product_id":54,"quantity":1}],"pickup_details":"Municipal Agriculture Office","user_id":38}

2025-04-27 09:35:36: {"action":"schedule_pickup","order_id":5,"pickup_date":"2025-04-30","payment_id":7,"items":[]}

2025-04-27 09:38:39: {"items":[{"product_id":58,"quantity":1},{"product_id":59,"quantity":1},{"product_id":60,"quantity":1},{"product_id":56,"quantity":1},{"product_id":57,"quantity":1}],"pickup_details":"Municipal Agriculture Office","user_id":38}

2025-04-27 09:38:50: {"action":"schedule_pickup","order_id":6,"pickup_date":"2025-05-09","payment_id":8,"items":[]}

2025-04-27 11:13:35: {"items":[{"product_id":48,"quantity":1},{"product_id":56,"quantity":1},{"product_id":57,"quantity":1},{"product_id":58,"quantity":1},{"product_id":59,"quantity":1}],"pickup_details":"Municipal Agriculture Office","user_id":38}

2025-04-27 11:13:51: {"action":"schedule_pickup","order_id":7,"pickup_date":"2025-05-10","payment_id":9,"items":[]}

2025-04-27 21:49:00: {"items":[{"product_id":58,"quantity":1},{"product_id":45,"quantity":1},{"product_id":48,"quantity":1},{"product_id":54,"quantity":1},{"product_id":55,"quantity":2}],"pickup_details":"Municipal Agriculture Office","user_id":40}

2025-04-27 21:49:08: {"action":"schedule_pickup","order_id":8,"payment_id":10,"pickup_date":"2025-04-28","pickup_notes":""}

2025-04-29 06:29:02: {"items":[{"product_id":9,"quantity":1}],"pickup_details":"Municipal Agriculture Office","user_id":40}

2025-04-29 06:29:06: {"action":"schedule_pickup","order_id":9,"payment_id":11,"pickup_date":"2025-04-30","pickup_notes":""}

2025-04-29 11:41:02: {"items":[{"product_id":45,"quantity":1},{"product_id":54,"quantity":1},{"product_id":55,"quantity":1}],"pickup_details":"Municipal Agriculture Office","user_id":40}

2025-04-29 11:41:08: {"action":"schedule_pickup","order_id":10,"payment_id":12,"pickup_date":"2025-04-30","pickup_notes":""}

2025-04-29 15:03:14: {"items":[{"product_id":45,"quantity":1},{"product_id":48,"quantity":1},{"product_id":54,"quantity":1},{"product_id":56,"quantity":1}],"pickup_details":"Municipal Agriculture Office","user_id":40}

2025-04-29 15:05:31: {"action":"schedule_pickup","order_id":11,"payment_id":13,"pickup_date":"2025-04-30","pickup_notes":""}

2025-05-06 10:07:30: 

2025-05-06 10:07:30: 

2025-05-06 10:14:28: 

2025-05-06 10:14:28: 

2025-05-06 10:57:42: 

2025-05-06 10:57:42: 

2025-05-06 11:02:09: 

2025-05-06 11:02:58: 

2025-05-06 11:03:58: 

2025-05-06 11:04:43: 

2025-05-06 11:06:57: 

2025-05-06 11:16:27: 

2025-05-06 11:33:25: 

2025-05-06 11:37:16: 

2025-05-06 17:54:36: 

2025-05-06 17:57:38: 

2025-05-06 18:14:35: 

2025-05-06 18:14:39: 

2025-05-06 23:32:09: 

2025-05-09 01:45:06: 

2025-05-09 05:27:19: 

2025-05-09 07:22:57: 

2025-05-09 07:24:26: 

2025-05-09 08:02:35: 

2025-05-09 08:10:14: 

2025-05-09 08:28:57: 

2025-05-09 08:35:38: 

2025-05-09 11:21:39: 

2025-05-09 11:40:41: 

2025-05-10 20:28:59: {"items":[{"product_id":68,"quantity":1},{"product_id":69,"quantity":1},{"product_id":70,"quantity":1},{"product_id":71,"quantity":1}],"pickup_details":"Municipal Agriculture Office","user_id":40}

2025-05-10 20:29:16: {"action":"schedule_pickup","order_id":12,"payment_id":14,"pickup_date":"2025-05-20","pickup_notes":""}

